
*** Running vivado
    with args -log design_1_util_ds_buf_11_0.vds -m64 -product Vivado -mode batch -messageDb vivado.pb -notrace -source design_1_util_ds_buf_11_0.tcl


ECHO is off.
ECHO is off.

****** Vivado v2023.1 (64-bit)
  **** SW Build 3865809 on Sun May  7 15:05:29 MDT 2023
  **** IP Build 3864474 on Sun May  7 20:36:21 MDT 2023
  **** SharedData Build 3865790 on Sun May 07 13:33:03 MDT 2023
    ** Copyright 1986-2022 Xilinx, Inc. All Rights Reserved.
    ** Copyright 2022-2023 Advanced Micro Devices, Inc. All Rights Reserved.

source design_1_util_ds_buf_11_0.tcl -notrace
create_project: Time (s): cpu = 00:00:10 ; elapsed = 00:00:14 . Memory (MB): peak = 466.918 ; gain = 161.250
INFO: [IP_Flow 19-6924] IPCACHE: Running cache check for IP inst: design_1_util_ds_buf_11_0
INFO: [IP_Flow 19-6922] IPCACHE: Exporting cached entry af4b8440d6638b55 to dir: C:/Users/NYorr/Downloads/project_1/project_1/project_1.runs/design_1_util_ds_buf_11_0_synth_1
INFO: [IP_Flow 19-6928] IPCACHE: copied cached file c:/Users/NYorr/Downloads/project_1/project_1/project_1.cache/ip/2023.1/a/f/af4b8440d6638b55/design_1_util_ds_buf_10_1.dcp to C:/Users/NYorr/Downloads/project_1/project_1/project_1.runs/design_1_util_ds_buf_11_0_synth_1/design_1_util_ds_buf_11_0.dcp.
INFO: [IP_Flow 19-6928] IPCACHE: copied cached file c:/Users/NYorr/Downloads/project_1/project_1/project_1.cache/ip/2023.1/a/f/af4b8440d6638b55/design_1_util_ds_buf_10_1_sim_netlist.v to C:/Users/NYorr/Downloads/project_1/project_1/project_1.runs/design_1_util_ds_buf_11_0_synth_1/design_1_util_ds_buf_11_0_sim_netlist.v.
INFO: [IP_Flow 19-6928] IPCACHE: copied cached file c:/Users/NYorr/Downloads/project_1/project_1/project_1.cache/ip/2023.1/a/f/af4b8440d6638b55/design_1_util_ds_buf_10_1_sim_netlist.vhdl to C:/Users/NYorr/Downloads/project_1/project_1/project_1.runs/design_1_util_ds_buf_11_0_synth_1/design_1_util_ds_buf_11_0_sim_netlist.vhdl.
INFO: [IP_Flow 19-6928] IPCACHE: copied cached file c:/Users/NYorr/Downloads/project_1/project_1/project_1.cache/ip/2023.1/a/f/af4b8440d6638b55/design_1_util_ds_buf_10_1_stub.v to C:/Users/NYorr/Downloads/project_1/project_1/project_1.runs/design_1_util_ds_buf_11_0_synth_1/design_1_util_ds_buf_11_0_stub.v.
INFO: [IP_Flow 19-6928] IPCACHE: copied cached file c:/Users/NYorr/Downloads/project_1/project_1/project_1.cache/ip/2023.1/a/f/af4b8440d6638b55/design_1_util_ds_buf_10_1_stub.vhdl to C:/Users/NYorr/Downloads/project_1/project_1/project_1.runs/design_1_util_ds_buf_11_0_synth_1/design_1_util_ds_buf_11_0_stub.vhdl.
INFO: [IP_Flow 19-4838] Using cached IP synthesis design for IP design_1_util_ds_buf_11_0, cache-ID = af4b8440d6638b55.
INFO: [Common 17-206] Exiting Vivado at Mon Nov  4 10:56:01 2024...
